<?xml version="1.0" ?>
<SimStrings>
  <string key="start" value="Start" />
  <string key="stop" value="Stop" /> 
  <string key="oneBall" value="1 ball" /> 
  <string key="continuous" value="continuous" /> 
  <string key="show" value="Show:" /> 
  <string key="ball" value="ball" /> 
  <string key="path" value="path" /> 
  <string key="none" value="none" /> 
  <string key="reset" value="Reset" /> 
  <string key="rows" value="rows" /> 
  <string key="p" value="p" /> 
  <string key="histogramDisplay" value="Histogram \ndisplay:" /> 
  <string key="fraction" value="fraction" /> 
  <string key="number" value="number" /> 
  <string key="autoScale" value="auto-scale" /> 
  <string key="sound" value="Sound" /> 
  <string key="help" value="Help" /> 
  <string key="NEquals" value="N =" /> 
  <string key="xAvgEquals" value="" /> 
  <string key="sEquals" value="s =" /> 
  <string key="sMeanEquals" value="" /> 
  <string key="simTitle" value="Test Flash Project" />
  
</SimStrings>