<?xml version="1.0" encoding="UTF-8" ?>
<testsuite errors="0" failures="0" name="JSci.tests.EngineerTest" tests="1" time="0.297">
  <properties>
    <property name="java.runtime.name" value="Java(TM) 2 Runtime Environment, Standard Edition"></property>
    <property name="checkstyle.home" value="../../../checkstyle-4.1"></property>
    <property name="sun.boot.library.path" value="c:\progra~1\java\jdk1.5.0_05\jre\bin"></property>
    <property name="java.vm.version" value="1.5.0_05-b05"></property>
    <property name="ant.library.dir" value="C:\Program Files\apache-ant\lib"></property>
    <property name="ant.version" value="Apache Ant version 1.6.5 compiled on June 2 2005"></property>
    <property name="ant.java.version" value="1.5"></property>
    <property name="java.vm.vendor" value="Sun Microsystems Inc."></property>
    <property name="java.vendor.url" value="http://java.sun.com/"></property>
    <property name="path.separator" value=";"></property>
    <property name="java.vm.name" value="Java HotSpot(TM) Client VM"></property>
    <property name="file.encoding.pkg" value="sun.io"></property>
    <property name="user.country" value="MX"></property>
    <property name="sun.os.patch.level" value="Service Pack 2"></property>
    <property name="java.vm.specification.name" value="Java Virtual Machine Specification"></property>
    <property name="user.dir" value="C:\Documents and Settings\Mark\My Documents\SourceForge\jsci\jsci"></property>
    <property name="java.runtime.version" value="1.5.0_05-b05"></property>
    <property name="java.awt.graphicsenv" value="sun.awt.Win32GraphicsEnvironment"></property>
    <property name="basedir" value="C:\Documents and Settings\Mark\My Documents\SourceForge\jsci\jsci"></property>
    <property name="java.endorsed.dirs" value="c:\progra~1\java\jdk1.5.0_05\jre\lib\endorsed"></property>
    <property name="os.arch" value="x86"></property>
    <property name="javax.comm.available" value="true"></property>
    <property name="java.io.tmpdir" value="C:\DOCUME~1\Mark\LOCALS~1\Temp\"></property>
    <property name="line.separator" value="
"></property>
    <property name="ant.file.JSci" value="C:\Documents and Settings\Mark\My Documents\SourceForge\jsci\jsci\build.xml"></property>
    <property name="java.vm.specification.vendor" value="Sun Microsystems Inc."></property>
    <property name="user.variant" value=""></property>
    <property name="os.name" value="Windows XP"></property>
    <property name="ant.home" value="C:\Program Files\apache-ant\bin\.."></property>
    <property name="ant.project.name" value="JSci"></property>
    <property name="sun.jnu.encoding" value="Cp1252"></property>
    <property name="java.library.path" value="c:\progra~1\java\jdk1.5.0_05\bin;.;C:\WINDOWS\system32;C:\WINDOWS;c:\progra~1\MikTeX\texmf\miktex\bin;C:\WINDOWS\system32;C:\WINDOWS;C:\WINDOWS\System32\Wbem;C:\Program Files\ATI Technologies\ATI Control Panel;c:\program files\java\jdk1.5.0_05\bin;C:\Program Files\apache-ant\bin;c:\program files\maven\bin;C:\Program Files\QuickTime\QTSystem\;C:\Program Files\Sun\jwsdp-2.0\jwsdp-shared\bin;C:\Program Files\Sun\AppServer\bin"></property>
    <property name="src" value="classes"></property>
    <property name="java.specification.name" value="Java Platform API Specification"></property>
    <property name="java.class.version" value="49.0"></property>
    <property name="sun.management.compiler" value="HotSpot Client Compiler"></property>
    <property name="os.version" value="5.1"></property>
    <property name="ant.file" value="C:\Documents and Settings\Mark\My Documents\SourceForge\jsci\jsci\build.xml"></property>
    <property name="user.home" value="C:\Documents and Settings\Mark"></property>
    <property name="user.timezone" value=""></property>
    <property name="java.awt.printerjob" value="sun.awt.windows.WPrinterJob"></property>
    <property name="java.specification.version" value="1.5"></property>
    <property name="file.encoding" value="Cp1252"></property>
    <property name="user.name" value="Mark"></property>
    <property name="build.compiler" value="modern"></property>
    <property name="java.class.path" value="C:\Program Files\apache-ant\bin\..\lib\ant-launcher.jar;C:\Documents and Settings\Mark\My Documents\SourceForge\jsci\jsci\.\;C:\PROGRA~1\JMF21~1.1E\lib\sound.jar;C:\PROGRA~1\JMF21~1.1E\lib\jmf.jar;C:\PROGRA~1\JMF21~1.1E\lib\;C:\Program Files\apache-ant\lib\ant-antlr.jar;C:\Program Files\apache-ant\lib\ant-apache-bcel.jar;C:\Program Files\apache-ant\lib\ant-apache-bsf.jar;C:\Program Files\apache-ant\lib\ant-apache-log4j.jar;C:\Program Files\apache-ant\lib\ant-apache-oro.jar;C:\Program Files\apache-ant\lib\ant-apache-regexp.jar;C:\Program Files\apache-ant\lib\ant-apache-resolver.jar;C:\Program Files\apache-ant\lib\ant-commons-logging.jar;C:\Program Files\apache-ant\lib\ant-commons-net.jar;C:\Program Files\apache-ant\lib\ant-icontract.jar;C:\Program Files\apache-ant\lib\ant-jai.jar;C:\Program Files\apache-ant\lib\ant-javamail.jar;C:\Program Files\apache-ant\lib\ant-jdepend.jar;C:\Program Files\apache-ant\lib\ant-jmf.jar;C:\Program Files\apache-ant\lib\ant-jsch.jar;C:\Program Files\apache-ant\lib\ant-junit.jar;C:\Program Files\apache-ant\lib\ant-launcher.jar;C:\Program Files\apache-ant\lib\ant-netrexx.jar;C:\Program Files\apache-ant\lib\ant-nodeps.jar;C:\Program Files\apache-ant\lib\ant-starteam.jar;C:\Program Files\apache-ant\lib\ant-stylebook.jar;C:\Program Files\apache-ant\lib\ant-swing.jar;C:\Program Files\apache-ant\lib\ant-trax.jar;C:\Program Files\apache-ant\lib\ant-vaj.jar;C:\Program Files\apache-ant\lib\ant-weblogic.jar;C:\Program Files\apache-ant\lib\ant-xalan1.jar;C:\Program Files\apache-ant\lib\ant-xslp.jar;C:\Program Files\apache-ant\lib\ant.jar;C:\Program Files\apache-ant\lib\commons-net-1.4.0.jar;C:\Program Files\apache-ant\lib\jdepend-2.9.jar;C:\Program Files\apache-ant\lib\junit.jar;C:\Program Files\apache-ant\lib\Pack200Task.jar;C:\Program Files\apache-ant\lib\xercesImpl.jar;C:\Program Files\apache-ant\lib\xml-apis.jar;c:\progra~1\java\jdk1.5.0_05\lib\tools.jar"></property>
    <property name="docs" value="documentation"></property>
    <property name="dist.name" value="JSci"></property>
    <property name="java.vm.specification.version" value="1.0"></property>
    <property name="sun.arch.data.model" value="32"></property>
    <property name="java.home" value="c:\progra~1\java\jdk1.5.0_05\jre"></property>
    <property name="java.specification.vendor" value="Sun Microsystems Inc."></property>
    <property name="user.language" value="es"></property>
    <property name="build" value="classes"></property>
    <property name="awt.toolkit" value="sun.awt.windows.WToolkit"></property>
    <property name="java.vm.info" value="mixed mode"></property>
    <property name="java.version" value="1.5.0_05"></property>
    <property name="java.ext.dirs" value="c:\progra~1\java\jdk1.5.0_05\jre\lib\ext"></property>
    <property name="sun.boot.class.path" value="c:\progra~1\java\jdk1.5.0_05\jre\lib\rt.jar;c:\progra~1\java\jdk1.5.0_05\jre\lib\i18n.jar;c:\progra~1\java\jdk1.5.0_05\jre\lib\sunrsasign.jar;c:\progra~1\java\jdk1.5.0_05\jre\lib\jsse.jar;c:\progra~1\java\jdk1.5.0_05\jre\lib\jce.jar;c:\progra~1\java\jdk1.5.0_05\jre\lib\charsets.jar;c:\progra~1\java\jdk1.5.0_05\jre\classes"></property>
    <property name="java.vendor" value="Sun Microsystems Inc."></property>
    <property name="java.source" value="1.3"></property>
    <property name="file.separator" value="\"></property>
    <property name="java.vendor.url.bug" value="http://java.sun.com/cgi-bin/bugreport.cgi"></property>
    <property name="sun.cpu.endian" value="little"></property>
    <property name="sun.io.unicode.encoding" value="UnicodeLittle"></property>
    <property name="xerces.home" value="."></property>
    <property name="jvm.target" value="1.1"></property>
    <property name="sun.desktop" value="windows"></property>
    <property name="sun.cpu.isalist" value="pentium_pro+mmx pentium_pro pentium+mmx pentium i486 i386 i86"></property>
  </properties>
  <testcase classname="JSci.tests.EngineerTest" name="testResample" time="0.0"></testcase>
  <system-out><![CDATA[]]></system-out>
  <system-err><![CDATA[]]></system-err>
</testsuite>
